/usr/lib/jvm/java-8-openjdk-amd64/bin/java -Didea.launcher.port=7532 -Didea.launcher.bin.path=/home/dhunzike/.local/share/umake/ide/idea/bin -Dfile.encoding=UTF-8 -classpath /usr/lib/jvm/java-8-openjdk-amd64/jre/lib/charsets.jar:/usr/lib/jvm/java-8-openjdk-amd64/jre/lib/ext/cldrdata.jar:/usr/lib/jvm/java-8-openjdk-amd64/jre/lib/ext/dnsns.jar:/usr/lib/jvm/java-8-openjdk-amd64/jre/lib/ext/icedtea-sound.jar:/usr/lib/jvm/java-8-openjdk-amd64/jre/lib/ext/jaccess.jar:/usr/lib/jvm/java-8-openjdk-amd64/jre/lib/ext/localedata.jar:/usr/lib/jvm/java-8-openjdk-amd64/jre/lib/ext/nashorn.jar:/usr/lib/jvm/java-8-openjdk-amd64/jre/lib/ext/sunec.jar:/usr/lib/jvm/java-8-openjdk-amd64/jre/lib/ext/sunjce_provider.jar:/usr/lib/jvm/java-8-openjdk-amd64/jre/lib/ext/sunpkcs11.jar:/usr/lib/jvm/java-8-openjdk-amd64/jre/lib/ext/zipfs.jar:/usr/lib/jvm/java-8-openjdk-amd64/jre/lib/jce.jar:/usr/lib/jvm/java-8-openjdk-amd64/jre/lib/jsse.jar:/usr/lib/jvm/java-8-openjdk-amd64/jre/lib/management-agent.jar:/usr/lib/jvm/java-8-openjdk-amd64/jre/lib/resources.jar:/usr/lib/jvm/java-8-openjdk-amd64/jre/lib/rt.jar:/home/dhunzike/workspaces/spark-two-examples/target/scala-2.11/classes:/home/dhunzike/.ivy2/cache/antlr/antlr/jars/antlr-2.7.7.jar:/home/dhunzike/.ivy2/cache/xmlenc/xmlenc/jars/xmlenc-0.52.jar:/home/dhunzike/.ivy2/cache/xml-apis/xml-apis/jars/xml-apis-1.3.04.jar:/home/dhunzike/.ivy2/cache/stax/stax-api/jars/stax-api-1.0.1.jar:/home/dhunzike/.ivy2/cache/oro/oro/jars/oro-2.0.8.jar:/home/dhunzike/.ivy2/cache/org.xerial.snappy/snappy-java/bundles/snappy-java-1.1.2.6.jar:/home/dhunzike/.ivy2/cache/org.tukaani/xz/jars/xz-1.0.jar:/home/dhunzike/.ivy2/cache/org.spark-project.spark/unused/jars/unused-1.0.0.jar:/home/dhunzike/.ivy2/cache/org.spark-project.hive/hive-metastore/jars/hive-metastore-1.2.1.spark2.jar:/home/dhunzike/.ivy2/cache/org.spark-project.hive/hive-exec/jars/hive-exec-1.2.1.spark2.jar:/home/dhunzike/.ivy2/cache/org.sonatype.sisu.inject/cglib/jars/cglib-2.2.1-v20090111.jar:/home/dhunzike/.ivy2/cache/org.slf4j/slf4j-log4j12/jars/slf4j-log4j12-1.7.16.jar:/home/dhunzike/.ivy2/cache/org.slf4j/slf4j-api/jars/slf4j-api-1.7.16.jar:/home/dhunzike/.ivy2/cache/org.slf4j/jul-to-slf4j/jars/jul-to-slf4j-1.7.16.jar:/home/dhunzike/.ivy2/cache/org.slf4j/jcl-over-slf4j/jars/jcl-over-slf4j-1.7.16.jar:/home/dhunzike/.ivy2/cache/org.scalatest/scalatest_2.11/bundles/scalatest_2.11-2.2.6.jar:/home/dhunzike/.ivy2/cache/org.scala-tools.testing/test-interface/jars/test-interface-0.5.jar:/home/dhunzike/.ivy2/cache/org.scala-stm/scala-stm_2.11/jars/scala-stm_2.11-0.7.jar:/home/dhunzike/.ivy2/cache/org.scala-lang.plugins/scala-continuations-library_2.11/bundles/scala-continuations-library_2.11-1.0.1.jar:/home/dhunzike/.ivy2/cache/org.scala-lang.modules/scala-xml_2.11/bundles/scala-xml_2.11-1.0.2.jar:/home/dhunzike/.ivy2/cache/org.scala-lang.modules/scala-swing_2.11/bundles/scala-swing_2.11-1.0.1.jar:/home/dhunzike/.ivy2/cache/org.scala-lang.modules/scala-parser-combinators_2.11/bundles/scala-parser-combinators_2.11-1.0.1.jar:/home/dhunzike/.ivy2/cache/org.scala-lang/scalap/jars/scalap-2.11.0.jar:/home/dhunzike/.ivy2/cache/org.scala-lang/scala-reflect/jars/scala-reflect-2.11.8.jar:/home/dhunzike/.ivy2/cache/org.scala-lang/scala-library/jars/scala-library-2.11.8.jar:/home/dhunzike/.ivy2/cache/org.scala-lang/scala-compiler/jars/scala-compiler-2.11.0.jar:/home/dhunzike/.ivy2/cache/org.roaringbitmap/RoaringBitmap/bundles/RoaringBitmap-0.5.11.jar:/home/dhunzike/.ivy2/cache/org.ow2.asm/asm/jars/asm-5.0.4.jar:/home/dhunzike/.ivy2/cache/org.objenesis/objenesis/jars/objenesis-2.1.jar:/home/dhunzike/.ivy2/cache/org.mortbay.jetty/jetty-util/jars/jetty-util-6.1.26.jar:/home/dhunzike/.ivy2/cache/org.json4s/json4s-jackson_2.11/jars/json4s-jackson_2.11-3.2.11.jar:/home/dhunzike/.ivy2/cache/org.json4s/json4s-core_2.11/jars/json4s-core_2.11-3.2.11.jar:/home/dhunzike/.ivy2/cache/org.json4s/json4s-ast_2.11/jars/json4s-ast_2.11-3.2.11.jar:/home/dhunzike/.ivy2/cache/org.json/json/jars/json-20090211.jar:/home/dhunzike/.ivy2/cache/org.jodd/jodd-core/jars/jodd-core-3.5.2.jar:/home/dhunzike/.ivy2/cache/org.jfree/jfreechart/jars/jfreechart-1.0.17.jar:/home/dhunzike/.ivy2/cache/org.jfree/jcommon/jars/jcommon-1.0.21.jar:/home/dhunzike/.ivy2/cache/org.javassist/javassist/bundles/javassist-3.18.1-GA.jar:/home/dhunzike/.ivy2/cache/org.iq80.snappy/snappy/jars/snappy-0.2.jar:/home/dhunzike/.ivy2/cache/org.glassfish.jersey.media/jersey-media-jaxb/jars/jersey-media-jaxb-2.22.2.jar:/home/dhunzike/.ivy2/cache/org.glassfish.jersey.core/jersey-server/jars/jersey-server-2.22.2.jar:/home/dhunzike/.ivy2/cache/org.glassfish.jersey.core/jersey-common/jars/jersey-common-2.22.2.jar:/home/dhunzike/.ivy2/cache/org.glassfish.jersey.core/jersey-client/jars/jersey-client-2.22.2.jar:/home/dhunzike/.ivy2/cache/org.glassfish.jersey.containers/jersey-container-servlet-core/jars/jersey-container-servlet-core-2.22.2.jar:/home/dhunzike/.ivy2/cache/org.glassfish.jersey.containers/jersey-container-servlet/jars/jersey-container-servlet-2.22.2.jar:/home/dhunzike/.ivy2/cache/org.glassfish.jersey.bundles.repackaged/jersey-guava/bundles/jersey-guava-2.22.2.jar:/home/dhunzike/.ivy2/cache/org.glassfish.hk2.external/javax.inject/jars/javax.inject-2.4.0-b34.jar:/home/dhunzike/.ivy2/cache/org.glassfish.hk2.external/aopalliance-repackaged/jars/aopalliance-repackaged-2.4.0-b34.jar:/home/dhunzike/.ivy2/cache/org.glassfish.hk2/osgi-resource-locator/jars/osgi-resource-locator-1.0.1.jar:/home/dhunzike/.ivy2/cache/org.glassfish.hk2/hk2-utils/jars/hk2-utils-2.4.0-b34.jar:/home/dhunzike/.ivy2/cache/org.glassfish.hk2/hk2-locator/jars/hk2-locator-2.4.0-b34.jar:/home/dhunzike/.ivy2/cache/org.glassfish.hk2/hk2-api/jars/hk2-api-2.4.0-b34.jar:/home/dhunzike/.ivy2/cache/org.fusesource.leveldbjni/leveldbjni-all/bundles/leveldbjni-all-1.8.jar:/home/dhunzike/.ivy2/cache/org.datanucleus/datanucleus-rdbms/jars/datanucleus-rdbms-3.2.9.jar:/home/dhunzike/.ivy2/cache/org.datanucleus/datanucleus-core/jars/datanucleus-core-3.2.10.jar:/home/dhunzike/.ivy2/cache/org.datanucleus/datanucleus-api-jdo/jars/datanucleus-api-jdo-3.2.6.jar:/home/dhunzike/.ivy2/cache/org.codehaus.janino/janino/jars/janino-2.7.8.jar:/home/dhunzike/.ivy2/cache/org.codehaus.janino/commons-compiler/jars/commons-compiler-2.7.8.jar:/home/dhunzike/.ivy2/cache/org.codehaus.jackson/jackson-mapper-asl/jars/jackson-mapper-asl-1.9.13.jar:/home/dhunzike/.ivy2/cache/org.codehaus.jackson/jackson-core-asl/jars/jackson-core-asl-1.9.13.jar:/home/dhunzike/.ivy2/cache/org.apache.zookeeper/zookeeper/jars/zookeeper-3.4.5.jar:/home/dhunzike/.ivy2/cache/org.apache.xbean/xbean-asm5-shaded/bundles/xbean-asm5-shaded-4.4.jar:/home/dhunzike/.ivy2/cache/org.apache.thrift/libthrift/jars/libthrift-0.9.2.jar:/home/dhunzike/.ivy2/cache/org.apache.thrift/libfb303/jars/libfb303-0.9.2.jar:/home/dhunzike/.ivy2/cache/org.apache.spark/spark-unsafe_2.11/jars/spark-unsafe_2.11-2.0.2.jar:/home/dhunzike/.ivy2/cache/org.apache.spark/spark-tags_2.11/jars/spark-tags_2.11-2.0.2.jar:/home/dhunzike/.ivy2/cache/org.apache.spark/spark-sql_2.11/jars/spark-sql_2.11-2.0.2.jar:/home/dhunzike/.ivy2/cache/org.apache.spark/spark-sketch_2.11/jars/spark-sketch_2.11-2.0.2.jar:/home/dhunzike/.ivy2/cache/org.apache.spark/spark-network-shuffle_2.11/jars/spark-network-shuffle_2.11-2.0.2.jar:/home/dhunzike/.ivy2/cache/org.apache.spark/spark-network-common_2.11/jars/spark-network-common_2.11-2.0.2.jar:/home/dhunzike/.ivy2/cache/org.apache.spark/spark-launcher_2.11/jars/spark-launcher_2.11-2.0.2.jar:/home/dhunzike/.ivy2/cache/org.apache.spark/spark-hive_2.11/jars/spark-hive_2.11-2.0.2.jar:/home/dhunzike/.ivy2/cache/org.apache.spark/spark-core_2.11/jars/spark-core_2.11-2.0.2.jar:/home/dhunzike/.ivy2/cache/org.apache.spark/spark-catalyst_2.11/jars/spark-catalyst_2.11-2.0.2.jar:/home/dhunzike/.ivy2/cache/org.apache.parquet/parquet-jackson/jars/parquet-jackson-1.7.0.jar:/home/dhunzike/.ivy2/cache/org.apache.parquet/parquet-hadoop/jars/parquet-hadoop-1.7.0.jar:/home/dhunzike/.ivy2/cache/org.apache.parquet/parquet-generator/jars/parquet-generator-1.7.0.jar:/home/dhunzike/.ivy2/cache/org.apache.parquet/parquet-format/jars/parquet-format-2.3.0-incubating.jar:/home/dhunzike/.ivy2/cache/org.apache.parquet/parquet-encoding/jars/parquet-encoding-1.7.0.jar:/home/dhunzike/.ivy2/cache/org.apache.parquet/parquet-common/jars/parquet-common-1.7.0.jar:/home/dhunzike/.ivy2/cache/org.apache.parquet/parquet-column/jars/parquet-column-1.7.0.jar:/home/dhunzike/.ivy2/cache/org.apache.mesos/mesos/jars/mesos-0.21.1-shaded-protobuf.jar:/home/dhunzike/.ivy2/cache/org.apache.ivy/ivy/jars/ivy-2.4.0.jar:/home/dhunzike/.ivy2/cache/org.apache.httpcomponents/httpcore/jars/httpcore-4.4.4.jar:/home/dhunzike/.ivy2/cache/org.apache.httpcomponents/httpclient/jars/httpclient-4.5.2.jar:/home/dhunzike/.ivy2/cache/org.apache.hadoop/hadoop-yarn-server-common/jars/hadoop-yarn-server-common-2.2.0.jar:/home/dhunzike/.ivy2/cache/org.apache.hadoop/hadoop-yarn-common/jars/hadoop-yarn-common-2.2.0.jar:/home/dhunzike/.ivy2/cache/org.apache.hadoop/hadoop-yarn-client/jars/hadoop-yarn-client-2.2.0.jar:/home/dhunzike/.ivy2/cache/org.apache.hadoop/hadoop-yarn-api/jars/hadoop-yarn-api-2.2.0.jar:/home/dhunzike/.ivy2/cache/org.apache.hadoop/hadoop-mapreduce-client-shuffle/jars/hadoop-mapreduce-client-shuffle-2.2.0.jar:/home/dhunzike/.ivy2/cache/org.apache.hadoop/hadoop-mapreduce-client-jobclient/jars/hadoop-mapreduce-client-jobclient-2.2.0.jar:/home/dhunzike/.ivy2/cache/org.apache.hadoop/hadoop-mapreduce-client-core/jars/hadoop-mapreduce-client-core-2.2.0.jar:/home/dhunzike/.ivy2/cache/org.apache.hadoop/hadoop-mapreduce-client-common/jars/hadoop-mapreduce-client-common-2.2.0.jar:/home/dhunzike/.ivy2/cache/org.apache.hadoop/hadoop-mapreduce-client-app/jars/hadoop-mapreduce-client-app-2.2.0.jar:/home/dhunzike/.ivy2/cache/org.apache.hadoop/hadoop-hdfs/jars/hadoop-hdfs-2.2.0.jar:/home/dhunzike/.ivy2/cache/org.apache.hadoop/hadoop-common/jars/hadoop-common-2.2.0.jar:/home/dhunzike/.ivy2/cache/org.apache.hadoop/hadoop-client/jars/hadoop-client-2.2.0.jar:/home/dhunzike/.ivy2/cache/org.apache.hadoop/hadoop-auth/jars/hadoop-auth-2.2.0.jar:/home/dhunzike/.ivy2/cache/org.apache.hadoop/hadoop-annotations/jars/hadoop-annotations-2.2.0.jar:/home/dhunzike/.ivy2/cache/org.apache.derby/derby/jars/derby-10.10.2.0.jar:/home/dhunzike/.ivy2/cache/org.apache.curator/curator-recipes/bundles/curator-recipes-2.4.0.jar:/home/dhunzike/.ivy2/cache/org.apache.curator/curator-framework/bundles/curator-framework-2.4.0.jar:/home/dhunzike/.ivy2/cache/org.apache.curator/curator-client/bundles/curator-client-2.4.0.jar:/home/dhunzike/.ivy2/cache/org.apache.commons/commons-math3/jars/commons-math3-3.4.1.jar:/home/dhunzike/.ivy2/cache/org.apache.commons/commons-math/jars/commons-math-2.1.jar:/home/dhunzike/.ivy2/cache/org.apache.commons/commons-lang3/jars/commons-lang3-3.4.jar:/home/dhunzike/.ivy2/cache/org.apache.commons/commons-compress/jars/commons-compress-1.4.1.jar:/home/dhunzike/.ivy2/cache/org.apache.calcite/calcite-linq4j/jars/calcite-linq4j-1.2.0-incubating.jar:/home/dhunzike/.ivy2/cache/org.apache.calcite/calcite-core/jars/calcite-core-1.2.0-incubating.jar:/home/dhunzike/.ivy2/cache/org.apache.calcite/calcite-avatica/jars/calcite-avatica-1.2.0-incubating.jar:/home/dhunzike/.ivy2/cache/org.apache.avro/avro-mapred/jars/avro-mapred-1.7.7-hadoop2.jar:/home/dhunzike/.ivy2/cache/org.apache.avro/avro-ipc/jars/avro-ipc-1.7.7-tests.jar:/home/dhunzike/.ivy2/cache/org.apache.avro/avro-ipc/jars/avro-ipc-1.7.7.jar:/home/dhunzike/.ivy2/cache/org.apache.avro/avro/jars/avro-1.7.7.jar:/home/dhunzike/.ivy2/cache/org.antlr/stringtemplate/jars/stringtemplate-3.2.1.jar:/home/dhunzike/.ivy2/cache/org.antlr/antlr4-runtime/jars/antlr4-runtime-4.5.3.jar:/home/dhunzike/.ivy2/cache/org.antlr/antlr-runtime/jars/antlr-runtime-3.4.jar:/home/dhunzike/.ivy2/cache/org.antlr/ST4/jars/ST4-4.0.4.jar:/home/dhunzike/.ivy2/cache/net.sf.py4j/py4j/jars/py4j-0.10.3.jar:/home/dhunzike/.ivy2/cache/net.sf.opencsv/opencsv/jars/opencsv-2.3.jar:/home/dhunzike/.ivy2/cache/net.razorvine/pyrolite/jars/pyrolite-4.13.jar:/home/dhunzike/.ivy2/cache/net.jpountz.lz4/lz4/jars/lz4-1.3.0.jar:/home/dhunzike/.ivy2/cache/net.java.dev.jets3t/jets3t/jars/jets3t-0.7.1.jar:/home/dhunzike/.ivy2/cache/net.hydromatic/eigenbase-properties/bundles/eigenbase-properties-1.1.5.jar:/home/dhunzike/.ivy2/cache/log4j/log4j/bundles/log4j-1.2.17.jar:/home/dhunzike/.ivy2/cache/log4j/apache-log4j-extras/bundles/apache-log4j-extras-1.2.17.jar:/home/dhunzike/.ivy2/cache/joda-time/joda-time/jars/joda-time-2.9.3.jar:/home/dhunzike/.ivy2/cache/javolution/javolution/bundles/javolution-5.5.1.jar:/home/dhunzike/.ivy2/cache/javax.ws.rs/javax.ws.rs-api/jars/javax.ws.rs-api-2.0.1.jar:/home/dhunzike/.ivy2/cache/javax.validation/validation-api/jars/validation-api-1.1.0.Final.jar:/home/dhunzike/.ivy2/cache/javax.transaction/jta/jars/jta-1.1.jar:/home/dhunzike/.ivy2/cache/javax.servlet/javax.servlet-api/jars/javax.servlet-api-3.1.0.jar:/home/dhunzike/.ivy2/cache/javax.jdo/jdo-api/jars/jdo-api-3.0.1.jar:/home/dhunzike/.ivy2/cache/javax.inject/javax.inject/jars/javax.inject-1.jar:/home/dhunzike/.ivy2/cache/javax.annotation/javax.annotation-api/jars/javax.annotation-api-1.2.jar:/home/dhunzike/.ivy2/cache/io.netty/netty-transport/jars/netty-transport-4.0.33.Final.jar:/home/dhunzike/.ivy2/cache/io.netty/netty-handler/jars/netty-handler-4.0.33.Final.jar:/home/dhunzike/.ivy2/cache/io.netty/netty-common/jars/netty-common-4.0.33.Final.jar:/home/dhunzike/.ivy2/cache/io.netty/netty-codec-http/jars/netty-codec-http-4.0.33.Final.jar:/home/dhunzike/.ivy2/cache/io.netty/netty-codec/jars/netty-codec-4.0.33.Final.jar:/home/dhunzike/.ivy2/cache/io.netty/netty-buffer/jars/netty-buffer-4.0.33.Final.jar:/home/dhunzike/.ivy2/cache/io.netty/netty-all/jars/netty-all-4.0.33.Final.jar:/home/dhunzike/.ivy2/cache/io.netty/netty/bundles/netty-3.8.0.Final.jar:/home/dhunzike/.ivy2/cache/io.dropwizard.metrics/metrics-jvm/bundles/metrics-jvm-3.1.2.jar:/home/dhunzike/.ivy2/cache/io.dropwizard.metrics/metrics-json/bundles/metrics-json-3.1.2.jar:/home/dhunzike/.ivy2/cache/io.dropwizard.metrics/metrics-graphite/bundles/metrics-graphite-3.1.2.jar:/home/dhunzike/.ivy2/cache/io.dropwizard.metrics/metrics-core/bundles/metrics-core-3.1.2.jar:/home/dhunzike/.ivy2/cache/commons-pool/commons-pool/jars/commons-pool-1.5.4.jar:/home/dhunzike/.ivy2/cache/commons-net/commons-net/jars/commons-net-2.2.jar:/home/dhunzike/.ivy2/cache/commons-logging/commons-logging/jars/commons-logging-1.2.jar:/home/dhunzike/.ivy2/cache/commons-lang/commons-lang/jars/commons-lang-2.6.jar:/home/dhunzike/.ivy2/cache/commons-io/commons-io/jars/commons-io-2.4.jar:/home/dhunzike/.ivy2/cache/commons-httpclient/commons-httpclient/jars/commons-httpclient-3.1.jar:/home/dhunzike/.ivy2/cache/commons-digester/commons-digester/jars/commons-digester-1.8.jar:/home/dhunzike/.ivy2/cache/commons-dbcp/commons-dbcp/jars/commons-dbcp-1.4.jar:/home/dhunzike/.ivy2/cache/commons-configuration/commons-configuration/jars/commons-configuration-1.6.jar:/home/dhunzike/.ivy2/cache/commons-collections/commons-collections/jars/commons-collections-3.2.1.jar:/home/dhunzike/.ivy2/cache/commons-codec/commons-codec/jars/commons-codec-1.10.jar:/home/dhunzike/.ivy2/cache/commons-cli/commons-cli/jars/commons-cli-1.2.jar:/home/dhunzike/.ivy2/cache/commons-beanutils/commons-beanutils-core/jars/commons-beanutils-core-1.8.0.jar:/home/dhunzike/.ivy2/cache/commons-beanutils/commons-beanutils/jars/commons-beanutils-1.7.0.jar:/home/dhunzike/.ivy2/cache/com.univocity/univocity-parsers/jars/univocity-parsers-2.1.1.jar:/home/dhunzike/.ivy2/cache/com.twitter/parquet-hadoop-bundle/jars/parquet-hadoop-bundle-1.6.0.jar:/home/dhunzike/.ivy2/cache/com.twitter/chill_2.11/jars/chill_2.11-0.8.0.jar:/home/dhunzike/.ivy2/cache/com.twitter/chill-java/jars/chill-java-0.8.0.jar:/home/dhunzike/.ivy2/cache/com.thoughtworks.paranamer/paranamer/jars/paranamer-2.6.jar:/home/dhunzike/.ivy2/cache/com.storm-enroute/scalameter_2.11/jars/scalameter_2.11-0.7.jar:/home/dhunzike/.ivy2/cache/com.storm-enroute/scalameter-core_2.11/jars/scalameter-core_2.11-0.7.jar:/home/dhunzike/.ivy2/cache/com.ning/compress-lzf/bundles/compress-lzf-1.0.3.jar:/home/dhunzike/.ivy2/cache/com.madgag/scala-arm_2.11/jars/scala-arm_2.11-1.3.3.jar:/home/dhunzike/.ivy2/cache/com.jolbox/bonecp/bundles/bonecp-0.8.0.RELEASE.jar:/home/dhunzike/.ivy2/cache/com.googlecode.javaewah/JavaEWAH/jars/JavaEWAH-0.3.2.jar:/home/dhunzike/.ivy2/cache/com.google.protobuf/protobuf-java/bundles/protobuf-java-2.5.0.jar:/home/dhunzike/.ivy2/cache/com.google.inject/guice/jars/guice-3.0.jar:/home/dhunzike/.ivy2/cache/com.google.guava/guava/bundles/guava-14.0.1.jar:/home/dhunzike/.ivy2/cache/com.google.code.findbugs/jsr305/jars/jsr305-1.3.9.jar:/home/dhunzike/.ivy2/cache/com.github.wookietreiber/scala-chart_2.11/jars/scala-chart_2.11-0.4.2.jar:/home/dhunzike/.ivy2/cache/com.github.scala-incubator.io/scala-io-file_2.11/jars/scala-io-file_2.11-0.4.3.jar:/home/dhunzike/.ivy2/cache/com.github.scala-incubator.io/scala-io-core_2.11/jars/scala-io-core_2.11-0.4.3.jar:/home/dhunzike/.ivy2/cache/com.github.andyglow/websocket-scala-client_2.11/jars/websocket-scala-client_2.11-0.1.2.jar:/home/dhunzike/.ivy2/cache/com.fasterxml.jackson.module/jackson-module-scala_2.11/bundles/jackson-module-scala_2.11-2.6.5.jar:/home/dhunzike/.ivy2/cache/com.fasterxml.jackson.module/jackson-module-paranamer/bundles/jackson-module-paranamer-2.6.5.jar:/home/dhunzike/.ivy2/cache/com.fasterxml.jackson.core/jackson-databind/bundles/jackson-databind-2.6.5.jar:/home/dhunzike/.ivy2/cache/com.fasterxml.jackson.core/jackson-core/bundles/jackson-core-2.6.5.jar:/home/dhunzike/.ivy2/cache/com.fasterxml.jackson.core/jackson-annotations/bundles/jackson-annotations-2.6.5.jar:/home/dhunzike/.ivy2/cache/com.esotericsoftware/minlog/bundles/minlog-1.3.0.jar:/home/dhunzike/.ivy2/cache/com.esotericsoftware/kryo-shaded/bundles/kryo-shaded-3.0.3.jar:/home/dhunzike/.ivy2/cache/com.clearspring.analytics/stream/jars/stream-2.7.0.jar:/home/dhunzike/.ivy2/cache/aopalliance/aopalliance/jars/aopalliance-1.0.jar:/home/dhunzike/.local/share/umake/ide/idea/lib/idea_rt.jar com.intellij.rt.execution.application.AppMain performance.CodeGenPerformance
16/11/24 22:11:31 WARN NativeCodeLoader: Unable to load native-hadoop library for your platform... using builtin-java classes where applicable
16/11/24 22:11:31 WARN Utils: Your hostname, Zurich resolves to a loopback address: 127.0.1.1; using 192.168.1.13 instead (on interface wlp3s0)
16/11/24 22:11:31 WARN Utils: Set SPARK_LOCAL_IP if you need to bind to another address
16/11/24 22:11:32 WARN SparkContext: Use an existing SparkContext, some configuration may not take effect.
Starting warmup.
GC detected.
GC detected.
GC detected.
0. warmup run running time: 3891.807861 (covNoGC: NaN, covGC: NaN)
GC detected.
1. warmup run running time: 1248.076932 (covNoGC: NaN, covGC: 0.7274)
GC detected.
2. warmup run running time: 1004.736792 (covNoGC: NaN, covGC: 0.7818)
GC detected.
3. warmup run running time: 820.694535 (covNoGC: NaN, covGC: 0.8294)
GC detected.
4. warmup run running time: 684.764393 (covNoGC: NaN, covGC: 0.8739)
GC detected.
5. warmup run running time: 695.55884 (covNoGC: NaN, covGC: 0.8940)
GC detected.
6. warmup run running time: 654.69097 (covNoGC: NaN, covGC: 0.9090)
GC detected.
7. warmup run running time: 703.287953 (covNoGC: NaN, covGC: 0.9081)
GC detected.
8. warmup run running time: 792.493661 (covNoGC: NaN, covGC: 0.8916)
GC detected.
9. warmup run running time: 629.068231 (covNoGC: NaN, covGC: 0.8943)
10. warmup run running time: 599.11496 (covNoGC: NaN, covGC: 0.2570)
GC detected.
11. warmup run running time: 666.860167 (covNoGC: NaN, covGC: 0.1647)
GC detected.
12. warmup run running time: 650.446679 (covNoGC: NaN, covGC: 0.1004)
GC detected.
GC detected.
13. warmup run running time: 829.20357 (covNoGC: NaN, covGC: 0.1029)
14. warmup run running time: 668.930666 (covNoGC: 0.0779, covGC: 0.1036)
GC detected.
15. warmup run running time: 583.611908 (covNoGC: 0.0779, covGC: 0.1160)
16. warmup run running time: 575.796087 (covNoGC: 0.0789, covGC: 0.1268)
GC detected.
17. warmup run running time: 620.645346 (covNoGC: 0.0789, covGC: 0.1290)
18. warmup run running time: 569.892296 (covNoGC: 0.0753, covGC: 0.1187)
GC detected.
19. warmup run running time: 640.253121 (covNoGC: 0.0753, covGC: 0.1184)
20. warmup run running time: 516.108178 (covNoGC: 0.0946, covGC: 0.1342)
GC detected.
21. warmup run running time: 619.044467 (covNoGC: 0.0946, covGC: 0.1339)
22. warmup run running time: 628.659182 (covNoGC: 0.0886, covGC: 0.1338)
GC detected.
23. warmup run running time: 633.829018 (covNoGC: 0.0886, covGC: 0.0730)
Steady-state detected.
Ending warmup.
Running test set for spark.sql, curve Test-0
Starting warmup.
0. warmup run running time: 545.447425 (covNoGC: NaN, covGC: NaN)
GC detected.
1. warmup run running time: 583.623522 (covNoGC: NaN, covGC: 0.0478)
2. warmup run running time: 557.559467 (covNoGC: 0.0155, covGC: 0.0347)
GC detected.
3. warmup run running time: 616.63167 (covNoGC: 0.0155, covGC: 0.0548)
4. warmup run running time: 514.570974 (covNoGC: 0.0411, covGC: 0.0686)
5. warmup run running time: 517.871041 (covNoGC: 0.0393, covGC: 0.0707)
GC detected.
6. warmup run running time: 537.607531 (covNoGC: 0.0393, covGC: 0.0660)
7. warmup run running time: 509.09384 (covNoGC: 0.0403, covGC: 0.0680)
GC detected.
8. warmup run running time: 570.08458 (covNoGC: 0.0403, covGC: 0.0648)
9. warmup run running time: 497.5368 (covNoGC: 0.0438, covGC: 0.0688)
Steady-state detected.
Ending warmup.
36 repetitions of the snippet starting.
measurements: 389.524112 ms, 288.364619 ms, 249.852388 ms, 251.297457 ms, 327.913082 ms, 262.900302 ms, 268.686617 ms, 263.254001 ms, 272.279266 ms, 294.789142 ms, 261.221446 ms, 253.270743 ms, 308.536482 ms, 334.942905 ms, 256.310458 ms, 264.448347 ms, 285.161734 ms, 311.422175 ms, 316.171897 ms, 245.584632 ms, 237.594755 ms, 251.853073 ms, 360.010211 ms, 265.504347 ms, 233.974075 ms, 296.639168 ms, 321.03264 ms, 309.186312 ms, 240.078567 ms, 235.81953 ms, 239.177658 ms, 329.652757 ms, 260.916341 ms, 264.593082 ms, 262.08988 ms, 354.746498 ms
Repetitions ended.
36 repetitions of the snippet starting.
measurements: 681.40204 ms, 534.346795 ms, 609.59019 ms, 561.019866 ms, 489.432133 ms, 472.234839 ms, 591.686582 ms, 460.918199 ms, 675.666289 ms, 514.648444 ms, 552.353906 ms, 471.918142 ms, 516.526165 ms, 503.660197 ms, 522.391276 ms, 491.176377 ms, 486.824685 ms, 508.229524 ms, 483.24245 ms, 569.945056 ms, 488.902335 ms, 559.793781 ms, 486.787875 ms, 569.420983 ms, 491.75818 ms, 553.896093 ms, 463.765272 ms, 523.566507 ms, 459.98376 ms, 527.761619 ms, 459.170807 ms, 568.369836 ms, 458.724075 ms, 524.090193 ms, 452.023027 ms, 502.507505 ms
Repetitions ended.
::Benchmark spark.sql::
cores: 4
hostname: Zurich
name: OpenJDK 64-Bit Server VM
osArch: amd64
osName: Linux
vendor: Oracle Corporation
version: 25.111-b14
Parameters(iterations -> 10, codegen-enabled -> true): 233.974075
Parameters(iterations -> 10, codegen-enabled -> false): 452.023027


Process finished with exit code 0
